<?xml version="1.0" encoding="UTF-8"?>
<testsuite xmlns:xsi="http://www.w3.org/2001/XMLSchema-instance" xsi:noNamespaceSchemaLocation="https://maven.apache.org/surefire/maven-surefire-plugin/xsd/surefire-test-report-3.0.xsd" version="3.0" name="TestSuite" time="36.816" tests="4" errors="0" skipped="0" failures="0">
  <properties>
[...]
</properties>
  <testcase name="pickOptionTest" classname="com.herokuapp.theinternet.dropdowntests.DropdownTests" time="5.156"/>
  <testcase name="pickOptionTest" classname="com.herokuapp.theinternet.dropdowntests.DropdownTests" time="5.316"/>
  <testcase name="pickOptionTest" classname="com.herokuapp.theinternet.dropdowntests.DropdownTests" time="5.006"/>
  <testcase name="pickOptionTest" classname="com.herokuapp.theinternet.dropdowntests.DropdownTests" time="5.093"/>
</testsuite>