<?xml version="1.0" encoding="UTF-8"?>
<!-- Generated by org.testng.reporters.JUnitXMLReporter -->
<testsuite ignored="1" hostname="DESKTOP-K8JV7R3" failures="0" tests="4" name="DropdownPickOptionTest" time="36.348" errors="0" timestamp="2023-04-18T23:02:39 BRT">
  <testcase classname="com.herokuapp.theinternet.dropdowntests.DropdownTests" name="pickOptionTest" time="5.155"/>
  <testcase classname="com.herokuapp.theinternet.dropdowntests.DropdownTests" name="pickOptionTest" time="5.317"/>
  <testcase classname="com.herokuapp.theinternet.dropdowntests.DropdownTests" name="pickOptionTest" time="5.006"/>
  <testcase classname="com.herokuapp.theinternet.dropdowntests.DropdownTests" name="pickOptionTest" time="5.093"/>
  <testcase classname="com.herokuapp.theinternet.dropdowntests.DropdownTests" name="pickWrongOptionTest" time="0.0">
    <ignored/>
  </testcase> <!-- pickWrongOptionTest -->
</testsuite> <!-- DropdownPickOptionTest -->
